<?xml version="1.0" encoding="UTF-8"?>
<!-- Generated by org.testng.reporters.JUnitXMLReporter -->
<testsuite hostname="LAPTOP-JTNN1PTL" ignored="0" name="Validating user login" tests="3" failures="0" timestamp="2020-09-17T09:19:51 EDT" time="0.199" errors="0">
  <testcase name="@AfterMethod tearDown" time="0.002" classname="Academy.HomePage">
    <failure type="java.lang.NullPointerException">
      <![CDATA[java.lang.NullPointerException
at Academy.HomePage.tearDown(HomePage.java:55)
at java.util.ArrayList.forEach(Unknown Source)
at java.util.concurrent.FutureTask.run(Unknown Source)
at java.util.concurrent.ThreadPoolExecutor.runWorker(Unknown Source)
at java.util.concurrent.ThreadPoolExecutor$Worker.run(Unknown Source)
at java.lang.Thread.run(Unknown Source)
... Removed 23 stack frames]]>
    </failure>
  </testcase> <!-- @AfterMethod tearDown -->
  <testcase name="@AfterMethod tearDown" time="-1.600348791586E9" classname="Academy.HomePage">
    <skipped/>
  </testcase> <!-- @AfterMethod tearDown -->
  <testcase name="@AfterMethod tearDown" time="-1.600348791612E9" classname="Academy.HomePage">
    <skipped/>
  </testcase> <!-- @AfterMethod tearDown -->
  <testcase name="basePageNavigation" time="0.039" classname="Academy.HomePage"/>
  <testcase name="basePageNavigation" time="0.0" classname="Academy.HomePage">
    <skipped/>
  </testcase> <!-- basePageNavigation -->
  <testcase name="basePageNavigation" time="0.0" classname="Academy.HomePage">
    <skipped/>
  </testcase> <!-- basePageNavigation -->
</testsuite> <!-- Validating user login -->
