<?xml version="1.0" encoding="UTF-8"?>
<!-- Generated by org.testng.reporters.JUnitXMLReporter -->
<testsuite hostname="LAPTOP-JTNN1PTL" ignored="0" name="Validating user login" tests="3" failures="0" timestamp="2020-09-17T14:55:08 EDT" time="93.587" errors="0">
  <testcase name="basePageNavigation" time="20.378" classname="Academy.HomePage"/>
  <testcase name="basePageNavigation" time="12.94" classname="Academy.HomePage"/>
  <testcase name="basePageNavigation" time="57.407" classname="Academy.HomePage"/>
</testsuite> <!-- Validating user login -->
