<?xml version="1.0" encoding="UTF-8"?>
<testng-results skipped="0" failed="0" ignored="0" total="5" passed="5">
  <reporter-output>
  </reporter-output>
  <suite name="Suite" duration-ms="93587" started-at="2020-09-17T14:53:34 EDT" finished-at="2020-09-17T14:55:08 EDT">
    <groups>
    </groups>
    <test name="Validating Navigation bar" duration-ms="20834" started-at="2020-09-17T14:53:34 EDT" finished-at="2020-09-17T14:53:55 EDT">
      <class name="Academy.ValidateNavigationBar">
        <test-method status="PASS" signature="initialize()[pri:0, instance:Academy.ValidateNavigationBar@4d02f94e]" name="initialize" is-config="true" duration-ms="18186" started-at="2020-09-17T14:53:34 EDT" finished-at="2020-09-17T14:53:52 EDT">
          <reporter-output>
          </reporter-output>
        </test-method> <!-- initialize -->
        <test-method status="PASS" signature="basePageNavigation()[pri:0, instance:Academy.ValidateNavigationBar@4d02f94e]" name="basePageNavigation" duration-ms="421" started-at="2020-09-17T14:53:52 EDT" finished-at="2020-09-17T14:53:53 EDT">
          <reporter-output>
          </reporter-output>
        </test-method> <!-- basePageNavigation -->
        <test-method status="PASS" signature="tearDown()[pri:0, instance:Academy.ValidateNavigationBar@4d02f94e]" name="tearDown" is-config="true" duration-ms="2208" started-at="2020-09-17T14:53:53 EDT" finished-at="2020-09-17T14:53:55 EDT">
          <reporter-output>
          </reporter-output>
        </test-method> <!-- tearDown -->
      </class> <!-- Academy.ValidateNavigationBar -->
    </test> <!-- Validating Navigation bar -->
    <test name="Validating title in the page" duration-ms="20891" started-at="2020-09-17T14:53:34 EDT" finished-at="2020-09-17T14:53:55 EDT">
      <class name="Academy.ValidateTitle">
        <test-method status="PASS" signature="initialize()[pri:0, instance:Academy.ValidateTitle@156b88f5]" name="initialize" is-config="true" duration-ms="18383" started-at="2020-09-17T14:53:34 EDT" finished-at="2020-09-17T14:53:52 EDT">
          <reporter-output>
          </reporter-output>
        </test-method> <!-- initialize -->
        <test-method status="PASS" signature="validateAppTitle()[pri:0, instance:Academy.ValidateTitle@156b88f5]" name="validateAppTitle" duration-ms="241" started-at="2020-09-17T14:53:52 EDT" finished-at="2020-09-17T14:53:53 EDT">
          <reporter-output>
          </reporter-output>
        </test-method> <!-- validateAppTitle -->
        <test-method status="PASS" signature="tearDown()[pri:0, instance:Academy.ValidateTitle@156b88f5]" name="tearDown" is-config="true" duration-ms="2262" started-at="2020-09-17T14:53:53 EDT" finished-at="2020-09-17T14:53:55 EDT">
          <reporter-output>
          </reporter-output>
        </test-method> <!-- tearDown -->
      </class> <!-- Academy.ValidateTitle -->
    </test> <!-- Validating title in the page -->
    <test name="Validating user login" duration-ms="93587" started-at="2020-09-17T14:53:34 EDT" finished-at="2020-09-17T14:55:08 EDT">
      <class name="Academy.HomePage">
        <test-method status="PASS" signature="basePageNavigation(java.lang.String, java.lang.String, java.lang.String)[pri:0, instance:Academy.HomePage@6da21078]" name="basePageNavigation" duration-ms="20378" started-at="2020-09-17T14:53:34 EDT" data-provider="getData" finished-at="2020-09-17T14:53:54 EDT">
          <params>
            <param index="0">
              <value>
                <![CDATA[nonrestricteduser@hfj.com]]>
              </value>
            </param>
            <param index="1">
              <value>
                <![CDATA[112324]]>
              </value>
            </param>
            <param index="2">
              <value>
                <![CDATA[text]]>
              </value>
            </param>
          </params>
          <reporter-output>
          </reporter-output>
        </test-method> <!-- basePageNavigation -->
        <test-method status="PASS" signature="tearDown()[pri:0, instance:Academy.HomePage@6da21078]" name="tearDown" is-config="true" duration-ms="1299" started-at="2020-09-17T14:53:54 EDT" finished-at="2020-09-17T14:53:56 EDT">
          <reporter-output>
          </reporter-output>
        </test-method> <!-- tearDown -->
        <test-method status="PASS" signature="basePageNavigation(java.lang.String, java.lang.String, java.lang.String)[pri:0, instance:Academy.HomePage@6da21078]" name="basePageNavigation" duration-ms="12940" started-at="2020-09-17T14:53:56 EDT" data-provider="getData" finished-at="2020-09-17T14:54:09 EDT">
          <params>
            <param index="0">
              <value>
                <![CDATA[restricteduser@dpd.com]]>
              </value>
            </param>
            <param index="1">
              <value>
                <![CDATA[17061992]]>
              </value>
            </param>
            <param index="2">
              <value>
                <![CDATA[Restricted User]]>
              </value>
            </param>
          </params>
          <reporter-output>
          </reporter-output>
        </test-method> <!-- basePageNavigation -->
        <test-method status="PASS" signature="tearDown()[pri:0, instance:Academy.HomePage@6da21078]" name="tearDown" is-config="true" duration-ms="755" started-at="2020-09-17T14:54:09 EDT" finished-at="2020-09-17T14:54:09 EDT">
          <reporter-output>
          </reporter-output>
        </test-method> <!-- tearDown -->
        <test-method status="PASS" signature="basePageNavigation(java.lang.String, java.lang.String, java.lang.String)[pri:0, instance:Academy.HomePage@6da21078]" name="basePageNavigation" duration-ms="57407" started-at="2020-09-17T14:54:09 EDT" data-provider="getData" finished-at="2020-09-17T14:55:07 EDT">
          <params>
            <param index="0">
              <value>
                <![CDATA[abdcdljd@jfj.com]]>
              </value>
            </param>
            <param index="1">
              <value>
                <![CDATA[u7t6757657]]>
              </value>
            </param>
            <param index="2">
              <value>
                <![CDATA[dbdjisos]]>
              </value>
            </param>
          </params>
          <reporter-output>
          </reporter-output>
        </test-method> <!-- basePageNavigation -->
        <test-method status="PASS" signature="tearDown()[pri:0, instance:Academy.HomePage@6da21078]" name="tearDown" is-config="true" duration-ms="782" started-at="2020-09-17T14:55:07 EDT" finished-at="2020-09-17T14:55:08 EDT">
          <reporter-output>
          </reporter-output>
        </test-method> <!-- tearDown -->
      </class> <!-- Academy.HomePage -->
    </test> <!-- Validating user login -->
  </suite> <!-- Suite -->
</testng-results>
