<?xml version="1.0" encoding="UTF-8"?>
<testsuite xmlns:xsi="http://www.w3.org/2001/XMLSchema-instance" xsi:noNamespaceSchemaLocation="https://maven.apache.org/surefire/maven-surefire-plugin/xsd/surefire-test-report-3.0.xsd" version="3.0" name="TestSuite" time="94.555" tests="5" errors="0" skipped="0" failures="0">
  <properties>
[...]
</properties>
  <testcase name="basePageNavigation" classname="Academy.ValidateNavigationBar" time="0.239">
    <system-out><![CDATA[firefox
firefox
14:53:34.550 [TestNG-tests-3] ERROR Resources.Base - This is error
14:53:34.551 [TestNG-tests-3] FATAL Resources.Base - This is fatal
firefox
]]></system-out>
    <system-err><![CDATA[ERROR StatusLogger No log4j2 configuration file found. Using default configuration: logging only errors to the console. Set system property 'org.apache.logging.log4j.simplelog.StatusLogger.level' to TRACE to show Log4j2 internal initialization logging.
16106003063886185871515	7m15o6z01r0	3un6m8no8er1z:5r:7r5u2un	nnmeonrzr	euInNrnFOe:	r:R:r:uurnnnuenri	nInNFgOn 	ceRrou	mnImnNaiFnOn	gRd un:cno imn"gm caComn:mdan\:d: \ ""PCC:r:\\o\\gPPrrraoomggr armaF mF iiFlileslee\s\sM\\o\\zMioMlzliaolzli alF Filriaree ffoFxoix\re\\ff\ifoirxrefe\of\oxf.xe.iexrxee"e "" f"-o-mxamra.rieioxnoneete"tt te"e" "-" m"-f-arofiroeorgerngorueonudtn"d t"" -"n-on-or-ermeomtotee""  ""--pprrofoiflieel"" e """C :-"\Cf\:Uos\re\reUsgs\re\odruhsan\rd\a\d"\Ah ppa"Dar-tnaa\o\\Lo-\craAelpm\poDtate"a \"\-L\poTrceoamflpi\l\\e"\ "TruCesm:t_p\\m\\ozUprsuersrotf_sim\ol\zpderhoxaf1ir8lae\GL\F1oAmEpE"vp
"D
ata\\Local\\Temp\\rust_mozprofileqYT20D"
console.error: SearchCache: "_readCacheFile: Error reading cache file:" (new Error("", "(unknown module)"))
console.error: SearchCache: "_readCacheFile: Error reading cache file:" (new Error("", "(unknown module)"))
JavaScript error: resource://gre/modules/XULStore.jsm, line 66: Error: Can't find profile directory.
JavaScript error: resource://gre/modules/XULStore.jconsole.error: SearchCache: "_readCacheFile: Error reading cache file:" (new Error("", "(unknown module)"))
sm, line 66: Error: Can't find profile directory.
JavaScript error: resource://gre/modules/XULStore.jsm, line 66: Error: Can't find profile directory.

###!!! [Child][RunMessage] Error: Channel closing: too late to send/recv, messages will be lost

[Child 13916, Chrome_ChildThread] WARNING: pipe error: 232: file /builds/worker/checkouts/gecko/ipc/chromium/src/chrome/common/ipc_channel_win.cc, line 545
1600368823789	Marionette	INFO	Listening on port 56934
1600368823869	Marionette	INFO	Listening on port 56932
1600368824121	Marionette	INFO	Listening on port 56933
1600368824354	Marionette	WARN	TLS certificate errors will be ignored for this session
1600368824356	Marionette	WARN	TLS certificate errors will be ignored for this session
1600368824426	Marionette	WARN	TLS certificate errors will be ignored for this session
Sep 17, 2020 2:53:44 PM org.openqa.selenium.remote.ProtocolHandshake createSession
INFO: Detected dialect: W3C
Sep 17, 2020 2:53:44 PM org.openqa.selenium.remote.ProtocolHandshake createSession
INFO: Detected dialect: W3C
Sep 17, 2020 2:53:44 PM org.openqa.selenium.remote.ProtocolHandshake createSession
INFO: Detected dialect: W3C
]]></system-err>
  </testcase>
  <testcase name="validateAppTitle" classname="Academy.ValidateTitle" time="0.243"/>
  <testcase name="basePageNavigation[nonrestricteduser@hfj.com, 112324, text](1)" classname="Academy.HomePage" time="2.017">
    <system-out><![CDATA[14:53:54.917 [TestNG-tests-3] ERROR Resources.Base - Keys to send should be a not null CharSequence
14:53:54.917 [TestNG-tests-3] ERROR Resources.Base - Error in Homepage
]]></system-out>
    <system-err><![CDATA[1600368833154	Marionette	INFO	Stopped listening on port 56934
1600368833167	Marionette	INFO	Stopped listening on port 56932
JavaScript error: resource://gre/modules/Sqlite.jsm, line 1031: Error: Sqlite.jsm has been shutdown. Cannot open connection to: C:\Users\dhara\AppData\Local\Temp\rust_mozprofilex18G1m\protections.sqlite
IPDL protocol error: Handler returned error code!

###!!! [Parent][DispatchAsyncMessage] Error: PLayerTransaction::Msg_ReleaseLayer Processing error: message was deserialized, but the handler returned false (indicating failure)

IPDL protocol error: Handler returned error code!

###!!! [Parent][DispatchAsyncMessage] Error: PLayerTransaction::Msg_ReleaseLayer Processing error: message was deserialized, but the handler returned false (indicating failure)


###!!! [Child][RunMessage] Error: Channel closing: too late to send/recv, messages will be lost


###!!! [Child][RunMessage] Error: Channel closing: too late to send/recv, messages will be lost


###!!! [Child][MessageChannel::SendAndWait] Error: Channel error: cannot send/recv


###!!! [Child][MessageChannel::SendAndWait] Error: Channel error: cannot send/recv

]]></system-err>
  </testcase>
  <testcase name="basePageNavigation[restricteduser@dpd.com, 17061992, Restricted User](2)" classname="Academy.HomePage" time="12.94">
    <system-out><![CDATA[14:53:56.218 [TestNG-tests-3] ERROR Resources.Base - This is error
14:53:56.218 [TestNG-tests-3] FATAL Resources.Base - This is fatal
firefox
14:54:09.157 [TestNG-tests-3] ERROR Resources.Base - Keys to send should be a not null CharSequence
14:54:09.158 [TestNG-tests-3] ERROR Resources.Base - Error in Homepage
]]></system-out>
    <system-err><![CDATA[1600368834925	Marionette	INFO	Stopped listening on port 56933

###!!! [Child][RunMessage] Error: Channel closing: too late to send/recv, messages will be lost


###!!! [Child][MessageChannel::SendAndWait] Error: Channel error: cannot send/recv

1600368836777	mozrunner::runner	INFO	Running command: "C:\\Program Files\\Mozilla Firefox\\firefox.exe" "-marionette" "-foreground" "-no-remote" "-profile" "C:\\Users\\dhara\\AppData\\Local\\Temp\\rust_mozprofileuMZLIw"
JavaScript error: resource://gre/modules/XULStore.jsm, line 66: Error: Can't find profile directory.
console.error: SearchCache: "_readCacheFile: Error reading cache file:" (new Error("", "(unknown module)"))
1600368838963	Marionette	INFO	Listening on port 57185
1600368839452	Marionette	WARN	TLS certificate errors will be ignored for this session
Sep 17, 2020 2:53:59 PM org.openqa.selenium.remote.ProtocolHandshake createSession
INFO: Detected dialect: W3C
]]></system-err>
  </testcase>
  <testcase name="basePageNavigation[abdcdljd@jfj.com, u7t6757657, dbdjisos](3)" classname="Academy.HomePage" time="57.409">
    <system-out><![CDATA[14:54:09.914 [TestNG-tests-3] ERROR Resources.Base - This is error
14:54:09.914 [TestNG-tests-3] FATAL Resources.Base - This is fatal
firefox
14:55:07.321 [TestNG-tests-3] ERROR Resources.Base - Keys to send should be a not null CharSequence
14:55:07.321 [TestNG-tests-3] ERROR Resources.Base - Error in Homepage
]]></system-out>
    <system-err><![CDATA[1600368849165	Marionette	INFO	Stopped listening on port 57185

###!!! [Child][RunMessage] Error: Channel closing: too late to send/recv, messages will be lost


###!!! [Child][MessageChannel::SendAndWait] Error: Channel error: cannot send/recv

1600368850455	mozrunner::runner	INFO	Running command: "C:\\Program Files\\Mozilla Firefox\\firefox.exe" "-marionette" "-foreground" "-no-remote" "-profile" "C:\\Users\\dhara\\AppData\\Local\\Temp\\rust_mozprofileZEFjXM"
JavaScript error: resource://gre/modules/XULStore.jsm, line 66: Error: Can't find profile directory.
console.error: SearchCache: "_readCacheFile: Error reading cache file:" (new Error("", "(unknown module)"))
1600368852657	Marionette	INFO	Listening on port 57267
1600368853076	Marionette	WARN	TLS certificate errors will be ignored for this session
Sep 17, 2020 2:54:13 PM org.openqa.selenium.remote.ProtocolHandshake createSession
INFO: Detected dialect: W3C
]]></system-err>
  </testcase>
</testsuite>